<?xml version="1.0" encoding="UTF-8"?>
<testng-results ignored="0" total="2" passed="1" failed="1" skipped="0">
  <reporter-output>
  </reporter-output>
  <suite started-at="2023-10-20T09:18:18 IST" name="Suite" finished-at="2023-10-20T09:20:22 IST" duration-ms="124033">
    <groups>
    </groups>
    <test started-at="2023-10-20T09:18:18 IST" name="Test" finished-at="2023-10-20T09:20:22 IST" duration-ms="124033">
      <class name="com.Equarz.Testcases.SearchTest">
        <test-method is-config="true" signature="initialize()[pri:0, instance:com.Equarz.Testcases.SearchTest@10e31a9a]" started-at="2023-10-20T09:18:18 IST" name="initialize" finished-at="2023-10-20T09:19:12 IST" duration-ms="54437" status="PASS">
          <reporter-output>
          </reporter-output>
        </test-method> <!-- initialize -->
        <test-method signature="search()[pri:0, instance:com.Equarz.Testcases.SearchTest@10e31a9a]" started-at="2023-10-20T09:19:12 IST" name="search" finished-at="2023-10-20T09:19:23 IST" duration-ms="11148" status="PASS">
          <reporter-output>
          </reporter-output>
        </test-method> <!-- search -->
        <test-method is-config="true" signature="teardown()[pri:0, instance:com.Equarz.Testcases.SearchTest@10e31a9a]" started-at="2023-10-20T09:19:23 IST" name="teardown" finished-at="2023-10-20T09:19:23 IST" duration-ms="1" status="PASS">
          <reporter-output>
          </reporter-output>
        </test-method> <!-- teardown -->
        <test-method is-config="true" signature="initialize()[pri:0, instance:com.Equarz.Testcases.SearchTest@10e31a9a]" started-at="2023-10-20T09:19:23 IST" name="initialize" finished-at="2023-10-20T09:20:11 IST" duration-ms="47934" status="PASS">
          <reporter-output>
          </reporter-output>
        </test-method> <!-- initialize -->
        <test-method signature="searchdrop()[pri:0, instance:com.Equarz.Testcases.SearchTest@10e31a9a]" started-at="2023-10-20T09:20:11 IST" name="searchdrop" finished-at="2023-10-20T09:20:22 IST" duration-ms="10460" status="FAIL">
          <exception class="java.lang.AssertionError">
            <message>
              <![CDATA[expected [http://e-quarz.com/products?name=HP+Laptop+14s%2C+12th+Gen+Intel+Core+i3-1215U%2C+14-inch+%2835.6+cm%29%2C+FHD%2C+8GB+DDR4%2C+5&data_from=search&page=1] but found [http://e-quarz.com/product/hp-14s-12th-gen-intel-core-i5-16gb-ram512gb-ssd-14-inch356-cm-micro-edge-fhd-laptopintel-iris-xe-graphicsalexadual-speak]]]>
            </message>
            <full-stacktrace>
              <![CDATA[java.lang.AssertionError: expected [http://e-quarz.com/products?name=HP+Laptop+14s%2C+12th+Gen+Intel+Core+i3-1215U%2C+14-inch+%2835.6+cm%29%2C+FHD%2C+8GB+DDR4%2C+5&data_from=search&page=1] but found [http://e-quarz.com/product/hp-14s-12th-gen-intel-core-i5-16gb-ram512gb-ssd-14-inch356-cm-micro-edge-fhd-laptopintel-iris-xe-graphicsalexadual-speak]
at org.testng.Assert.fail(Assert.java:111)
at org.testng.Assert.failNotEquals(Assert.java:1578)
at org.testng.Assert.assertEqualsImpl(Assert.java:150)
at org.testng.Assert.assertEquals(Assert.java:132)
at org.testng.Assert.assertEquals(Assert.java:656)
at org.testng.Assert.assertEquals(Assert.java:666)
at com.Pageobjects.Search_Functionality.dropdownsearch(Search_Functionality.java:48)
at com.Equarz.Testcases.SearchTest.searchdrop(SearchTest.java:41)
at java.base/jdk.internal.reflect.NativeMethodAccessorImpl.invoke0(Native Method)
at java.base/jdk.internal.reflect.NativeMethodAccessorImpl.invoke(NativeMethodAccessorImpl.java:77)
at java.base/jdk.internal.reflect.DelegatingMethodAccessorImpl.invoke(DelegatingMethodAccessorImpl.java:43)
at java.base/java.lang.reflect.Method.invoke(Method.java:568)
at org.testng.internal.invokers.MethodInvocationHelper.invokeMethod(MethodInvocationHelper.java:139)
at org.testng.internal.invokers.TestInvoker.invokeMethod(TestInvoker.java:664)
at org.testng.internal.invokers.TestInvoker.invokeTestMethod(TestInvoker.java:227)
at org.testng.internal.invokers.MethodRunner.runInSequence(MethodRunner.java:50)
at org.testng.internal.invokers.TestInvoker$MethodInvocationAgent.invoke(TestInvoker.java:957)
at org.testng.internal.invokers.TestInvoker.invokeTestMethods(TestInvoker.java:200)
at org.testng.internal.invokers.TestMethodWorker.invokeTestMethods(TestMethodWorker.java:148)
at org.testng.internal.invokers.TestMethodWorker.run(TestMethodWorker.java:128)
at java.base/java.util.ArrayList.forEach(ArrayList.java:1511)
at org.testng.TestRunner.privateRun(TestRunner.java:848)
at org.testng.TestRunner.run(TestRunner.java:621)
at org.testng.SuiteRunner.runTest(SuiteRunner.java:443)
at org.testng.SuiteRunner.runSequentially(SuiteRunner.java:437)
at org.testng.SuiteRunner.privateRun(SuiteRunner.java:397)
at org.testng.SuiteRunner.run(SuiteRunner.java:336)
at org.testng.SuiteRunnerWorker.runSuite(SuiteRunnerWorker.java:52)
at org.testng.SuiteRunnerWorker.run(SuiteRunnerWorker.java:95)
at org.testng.TestNG.runSuitesSequentially(TestNG.java:1280)
at org.testng.TestNG.runSuitesLocally(TestNG.java:1200)
at org.testng.TestNG.runSuites(TestNG.java:1114)
at org.testng.TestNG.run(TestNG.java:1082)
at org.testng.remote.AbstractRemoteTestNG.run(AbstractRemoteTestNG.java:115)
at org.testng.remote.RemoteTestNG.initAndRun(RemoteTestNG.java:251)
at org.testng.remote.RemoteTestNG.main(RemoteTestNG.java:77)
]]>
            </full-stacktrace>
          </exception> <!-- java.lang.AssertionError -->
          <reporter-output>
          </reporter-output>
        </test-method> <!-- searchdrop -->
        <test-method is-config="true" signature="teardown()[pri:0, instance:com.Equarz.Testcases.SearchTest@10e31a9a]" started-at="2023-10-20T09:20:22 IST" name="teardown" finished-at="2023-10-20T09:20:22 IST" duration-ms="0" status="PASS">
          <reporter-output>
          </reporter-output>
        </test-method> <!-- teardown -->
      </class> <!-- com.Equarz.Testcases.SearchTest -->
    </test> <!-- Test -->
  </suite> <!-- Suite -->
</testng-results>
