<?xml version="1.0" encoding="UTF-8"?>
<!-- Generated by org.testng.reporters.JUnitXMLReporter -->
<testsuite ignored="0" hostname="DESKTOP-C09DSQO" failures="1" tests="2" name="Test" time="124.033" errors="0" timestamp="2023-10-20T09:20:22 IST">
  <testcase classname="com.Equarz.Testcases.SearchTest" name="search" time="11.148"/>
  <testcase classname="com.Equarz.Testcases.SearchTest" name="searchdrop" time="10.46">
    <failure type="java.lang.AssertionError" message="expected [http://e-quarz.com/products?name=HP+Laptop+14s%2C+12th+Gen+Intel+Core+i3-1215U%2C+14-inch+%2835.6+cm%29%2C+FHD%2C+8GB+DDR4%2C+5&amp;amp;data_from=search&amp;amp;page=1] but found [http://e-quarz.com/product/hp-14s-12th-gen-intel-core-i5-16gb-ram512gb-ssd-14-inch356-cm-micro-edge-fhd-laptopintel-iris-xe-graphicsalexadual-speak]">
      <![CDATA[java.lang.AssertionError: expected [http://e-quarz.com/products?name=HP+Laptop+14s%2C+12th+Gen+Intel+Core+i3-1215U%2C+14-inch+%2835.6+cm%29%2C+FHD%2C+8GB+DDR4%2C+5&data_from=search&page=1] but found [http://e-quarz.com/product/hp-14s-12th-gen-intel-core-i5-16gb-ram512gb-ssd-14-inch356-cm-micro-edge-fhd-laptopintel-iris-xe-graphicsalexadual-speak]
at com.Pageobjects.Search_Functionality.dropdownsearch(Search_Functionality.java:48)
at com.Equarz.Testcases.SearchTest.searchdrop(SearchTest.java:41)
at java.base/java.util.ArrayList.forEach(ArrayList.java:1511)
... Removed 33 stack frames]]>
    </failure>
  </testcase> <!-- searchdrop -->
</testsuite> <!-- Test -->
